<?xml version="1.0" encoding="UTF-8"?>
<!-- Generated by org.testng.reporters.JUnitReportReporter -->
<testsuite skipped="0" hostname="Mrinals-MacBook-Air.local" name="driver.HeadlessBrowser" tests="1" failures="0" timestamp="22 Jul 2017 07:54:16 GMT" time="10.040" errors="0">
  <testcase name="headless" time="10.040" classname="driver.HeadlessBrowser"/>
</testsuite> <!-- driver.HeadlessBrowser -->
