<?xml version="1.0" encoding="UTF-8"?>
<!-- Generated by org.testng.reporters.JUnitReportReporter -->
<testsuite skipped="0" hostname="Mrinals-MacBook-Air.local" name="driver.VerifyLinks" tests="1" failures="0" timestamp="20 Nov 2017 16:45:35 GMT" time="60.412" errors="0">
  <testcase name="brokenimage" time="60.412" classname="driver.VerifyLinks"/>
</testsuite> <!-- driver.VerifyLinks -->
