<?xml version="1.0" encoding="UTF-8"?>
<!-- Generated by org.testng.reporters.JUnitReportReporter -->
<testsuite skipped="0" hostname="Mrinals-MacBook-Pro.local" name="TestNg.TestNgPractice" tests="3" failures="0" timestamp="06 Mar 2019 09:23:20 GMT" time="13.054" errors="0">
  <testcase name="A1" time="6.477" classname="TestNg.TestNgPractice"/>
  <testcase name="A2" time="6.567" classname="TestNg.TestNgPractice"/>
  <testcase name="A3" time="0.010" classname="TestNg.TestNgPractice"/>
</testsuite> <!-- TestNg.TestNgPractice -->
