<?xml version="1.0" encoding="UTF-8"?>
<!-- Generated by org.testng.reporters.JUnitReportReporter -->
<testsuite skipped="0" hostname="Mrinals-MacBook-Air.local" name="driver.Firefox" tests="4" failures="0" timestamp="17 Feb 2017 10:24:56 GMT" time="167.641" errors="0">
  <testcase name="normal" time="41.067" classname="driver.Firefox"/>
  <testcase name="normal" time="41.509" classname="driver.Firefox"/>
  <testcase name="normal" time="43.724" classname="driver.Firefox"/>
  <testcase name="normal" time="41.341" classname="driver.Firefox"/>
</testsuite> <!-- driver.Firefox -->
