<?xml version="1.0" encoding="UTF-8"?>
<!-- Generated by org.testng.reporters.JUnitReportReporter -->
<testsuite skipped="0" hostname="Mrinals-MacBook-Air.local" name="driver.Brokenimage" tests="1" failures="0" timestamp="27 Mar 2017 03:53:19 GMT" time="13.452" errors="0">
  <testcase name="validateInvalidImages" time="13.452" classname="driver.Brokenimage"/>
</testsuite> <!-- driver.Brokenimage -->
